<?xml version="1.0" encoding="UTF-8" ?>
<testsuites disabled="0" errors="0" failures="2" tests="26" time="24.519">
 <testsuite name="Book names are displayed in the list" timestamp="2019-08-18T13:17:35" hostname="localhost" time="2.572" errors="0" tests="1" skipped="0" disabled="0" failures="0">
  <testcase classname="Book names are displayed in the list" name="Check number of books" time="2.57" />
 </testsuite>
 <testsuite name="User can select book from the list: book details will be displayed as a separate card" timestamp="2019-08-18T13:17:37" hostname="localhost" time="1.269" errors="0" tests="5" skipped="0" disabled="0" failures="0">
  <testcase classname="User can select book from the list: book details will be displayed as a separate card" name="Select &quot;desert solitaire&quot; book" time="0.938" />
  <testcase classname="User can select book from the list: book details will be displayed as a separate card" name="Read Title" time="0.189" />
  <testcase classname="User can select book from the list: book details will be displayed as a separate card" name="Read Author" time="0.05" />
  <testcase classname="User can select book from the list: book details will be displayed as a separate card" name="Read Publisher" time="0.041" />
  <testcase classname="User can select book from the list: book details will be displayed as a separate card" name="Read Year of publishing" time="0.051" />
 </testsuite>
 <testsuite name="User can delete the book.The book will disappear from the list along with it&apos;s details." timestamp="2019-08-18T13:17:39" hostname="localhost" time="1.46" errors="0" tests="2" skipped="0" disabled="0" failures="0">
  <testcase classname="User can delete the book.The book will disappear from the list along with it&apos;s details." name="Select &quot;lolita&quot; from the list to delete." time="1.103" />
  <testcase classname="User can delete the book.The book will disappear from the list along with it&apos;s details." name="Verify to number of items as 6" time="0.357" />
 </testsuite>
 <testsuite name="User should be able to filter out the books by book name or part of book name. Filtration is case insensitive." timestamp="2019-08-18T13:17:40" hostname="localhost" time="2.141" errors="0" tests="2" skipped="0" disabled="0" failures="0">
  <testcase classname="User should be able to filter out the books by book name or part of book name. Filtration is case insensitive." name="Type &quot;infi&quot; with lowercase" time="1.067" />
  <testcase classname="User should be able to filter out the books by book name or part of book name. Filtration is case insensitive." name="Type &quot;Ä°nfi&quot; with uppercase " time="1.074" />
 </testsuite>
 <testsuite name="Filtration can be dropped by erasing the filter criteria." timestamp="2019-08-18T13:17:42" hostname="localhost" time="4.105" errors="0" tests="1" skipped="0" disabled="0" failures="0">
  <testcase classname="Filtration can be dropped by erasing the filter criteria." name="Delete &quot;infi&quot; to see the dropped." time="4.105" />
 </testsuite>
 <testsuite name="Book has the following fields: &apos;Title&apos;, &apos;Author&apos;, &apos;Publisher&apos;, &apos;Year of publishing&apos;" timestamp="2019-08-18T13:17:46" hostname="localhost" time="1.672" errors="0" tests="5" skipped="0" disabled="0" failures="0">
  <testcase classname="Book has the following fields: &apos;Title&apos;, &apos;Author&apos;, &apos;Publisher&apos;, &apos;Year of publishing&apos;" name="Select &apos;giovanni&apos;s room&apos; from the list" time="0.994" />
  <testcase classname="Book has the following fields: &apos;Title&apos;, &apos;Author&apos;, &apos;Publisher&apos;, &apos;Year of publishing&apos;" name="Read Title" time="0.364" />
  <testcase classname="Book has the following fields: &apos;Title&apos;, &apos;Author&apos;, &apos;Publisher&apos;, &apos;Year of publishing&apos;" name="Read Author" time="0.155" />
  <testcase classname="Book has the following fields: &apos;Title&apos;, &apos;Author&apos;, &apos;Publisher&apos;, &apos;Year of publishing&apos;" name="Read Publisher" time="0.082" />
  <testcase classname="Book has the following fields: &apos;Title&apos;, &apos;Author&apos;, &apos;Publisher&apos;, &apos;Year of publishing&apos;" name="Read Year of publishing" time="0.076" />
 </testsuite>
 <testsuite name="&apos;Title&apos;, &apos;Author&apos;, &apos;Publisher&apos; fields can take any symbols as an input" timestamp="2019-08-18T13:17:48" hostname="localhost" time="3.194" errors="0" tests="4" skipped="0" disabled="0" failures="1">
  <testcase classname="&apos;Title&apos;, &apos;Author&apos;, &apos;Publisher&apos; fields can take any symbols as an input" name="Select &apos;if on a Winter&apos;s Night a Traveler book" time="1.095" />
  <testcase classname="&apos;Title&apos;, &apos;Author&apos;, &apos;Publisher&apos; fields can take any symbols as an input" name="Update Title field by adding with special characters at the end of the title" time="0.618" />
  <testcase classname="&apos;Title&apos;, &apos;Author&apos;, &apos;Publisher&apos; fields can take any symbols as an input" name="Update Author field by adding with special characters at the end of the title" time="0.662" />
  <testcase classname="&apos;Title&apos;, &apos;Author&apos;, &apos;Publisher&apos; fields can take any symbols as an input" name="Update Publisher field by adding with special characters at the end of the title" time="0.816">
   <failure type="toEqual" message="Expected &apos;Myriad Editions&apos; to equal &apos;!&apos;^+%&amp;/()=?_-Myriad Editions&apos;."><![CDATA[Error: Failed expectation
    at UserContext.<anonymous> (C:\Users\Ali Pala\Desktop\e2e-task-v8\e2e\src\tc08.e2e-spec.ts:46:49)
    at C:\Users\Ali Pala\AppData\Roaming\npm\node_modules\protractor\node_modules\jasminewd2\index.js:112:25
    at new ManagedPromise (C:\Users\Ali Pala\AppData\Roaming\npm\node_modules\protractor\node_modules\selenium-webdriver\lib\promise.js:1077:7)
    at ControlFlow.promise (C:\Users\Ali Pala\AppData\Roaming\npm\node_modules\protractor\node_modules\selenium-webdriver\lib\promise.js:2505:12)
    at schedulerExecute (C:\Users\Ali Pala\AppData\Roaming\npm\node_modules\protractor\node_modules\jasminewd2\index.js:95:18)
    at TaskQueue.execute_ (C:\Users\Ali Pala\AppData\Roaming\npm\node_modules\protractor\node_modules\selenium-webdriver\lib\promise.js:3084:14)
    at TaskQueue.executeNext_ (C:\Users\Ali Pala\AppData\Roaming\npm\node_modules\protractor\node_modules\selenium-webdriver\lib\promise.js:3067:27)
    at asyncRun (C:\Users\Ali Pala\AppData\Roaming\npm\node_modules\protractor\node_modules\selenium-webdriver\lib\promise.js:2974:25)
    at C:\Users\Ali Pala\AppData\Roaming\npm\node_modules\protractor\node_modules\selenium-webdriver\lib\promise.js:668:7]]>
   </failure>
  </testcase>
 </testsuite>
 <testsuite name="Year of publishing takes only numbers as an input" timestamp="2019-08-18T13:17:51" hostname="localhost" time="3.754" errors="0" tests="1" skipped="0" disabled="0" failures="0">
  <testcase classname="Year of publishing takes only numbers as an input" name="Select first book from the list and update the &quot;Year of publishing&quot; field by using different characters than the numbers" time="3.753" />
 </testsuite>
 <testsuite name="User can modify book properties and Save or Cancel the changes through appropriate buttons" timestamp="2019-08-18T13:17:55" hostname="localhost" time="4.352" errors="0" tests="5" skipped="0" disabled="0" failures="1">
  <testcase classname="User can modify book properties and Save or Cancel the changes through appropriate buttons" name="Select a book from list to modify &quot;Title, Author,Publisher, Year of publishing&quot; fields and try to save" time="1.145" />
  <testcase classname="User can modify book properties and Save or Cancel the changes through appropriate buttons" name="Update Title as lolita_updated_version" time="0.845" />
  <testcase classname="User can modify book properties and Save or Cancel the changes through appropriate buttons" name="Update Author as 3_updated_version" time="0.751" />
  <testcase classname="User can modify book properties and Save or Cancel the changes through appropriate buttons" name="Update Publisher as Crocker &amp; Brewster_updated_version" time="0.601">
   <failure type="toEqual" message="Expected &apos;Crocker &amp; Brewster&apos; to equal &apos;Crocker &amp; Brewster_updated_version&apos;."><![CDATA[Error: Failed expectation
    at UserContext.<anonymous> (C:\Users\Ali Pala\Desktop\e2e-task-v8\e2e\src\tc10.e2e-spec.ts:41:49)
    at C:\Users\Ali Pala\AppData\Roaming\npm\node_modules\protractor\node_modules\jasminewd2\index.js:112:25
    at new ManagedPromise (C:\Users\Ali Pala\AppData\Roaming\npm\node_modules\protractor\node_modules\selenium-webdriver\lib\promise.js:1077:7)
    at ControlFlow.promise (C:\Users\Ali Pala\AppData\Roaming\npm\node_modules\protractor\node_modules\selenium-webdriver\lib\promise.js:2505:12)
    at schedulerExecute (C:\Users\Ali Pala\AppData\Roaming\npm\node_modules\protractor\node_modules\jasminewd2\index.js:95:18)
    at TaskQueue.execute_ (C:\Users\Ali Pala\AppData\Roaming\npm\node_modules\protractor\node_modules\selenium-webdriver\lib\promise.js:3084:14)
    at TaskQueue.executeNext_ (C:\Users\Ali Pala\AppData\Roaming\npm\node_modules\protractor\node_modules\selenium-webdriver\lib\promise.js:3067:27)
    at asyncRun (C:\Users\Ali Pala\AppData\Roaming\npm\node_modules\protractor\node_modules\selenium-webdriver\lib\promise.js:2974:25)
    at C:\Users\Ali Pala\AppData\Roaming\npm\node_modules\protractor\node_modules\selenium-webdriver\lib\promise.js:668:7]]>
   </failure>
  </testcase>
  <testcase classname="User can modify book properties and Save or Cancel the changes through appropriate buttons" name="Update Year of publishing as 2019" time="1.009" />
 </testsuite>
</testsuites>